# JRE version: Java(TM) SE Runtime Environment (8.0_231-b11) (build 1.8.0_231-b11)
# Java VM: Java HotSpot(TM) 64-Bit Server VM (25.231-b11 mixed mode windows-amd64 compressed oops)
Heap:
 PSYoungGen      total 110592K, used 55827K [0x00000000d5f00000, 0x00000000df080000, 0x0000000100000000)
  eden space 102912K, 46% used [0x00000000d5f00000,0x00000000d8e239c0,0x00000000dc380000)
  from space 7680K, 98% used [0x00000000de900000,0x00000000df0612b8,0x00000000df080000)
  to   space 9216K, 0% used [0x00000000dde80000,0x00000000dde80000,0x00000000de780000)
 ParOldGen       total 58368K, used 7154K [0x0000000081c00000, 0x0000000085500000, 0x00000000d5f00000)
  object space 58368K, 12% used [0x0000000081c00000,0x00000000822fc940,0x0000000085500000)
 Metaspace       used 26625K, capacity 28208K, committed 28416K, reserved 1073152K
  class space    used 3465K, capacity 3786K, committed 3840K, reserved 1048576K
GC Heap History (10 events):
Event: 1.712 GC heap before
{Heap before GC invocations=3 (full 0):
 PSYoungGen      total 38400K, used 38137K [0x00000000d5f00000, 0x00000000d8980000, 0x0000000100000000)
  eden space 33280K, 100% used [0x00000000d5f00000,0x00000000d7f80000,0x00000000d7f80000)
  from space 5120K, 94% used [0x00000000d8480000,0x00000000d893e420,0x00000000d8980000)
  to   space 5120K, 0% used [0x00000000d7f80000,0x00000000d7f80000,0x00000000d8480000)
 ParOldGen       total 87552K, used 24K [0x0000000081c00000, 0x0000000087180000, 0x00000000d5f00000)
  object space 87552K, 0% used [0x0000000081c00000,0x0000000081c06000,0x0000000087180000)
 Metaspace       used 13493K, capacity 14522K, committed 14848K, reserved 1062912K
  class space    used 1716K, capacity 1953K, committed 2048K, reserved 1048576K
Event: 1.717 GC heap after
Heap after GC invocations=3 (full 0):
 PSYoungGen      total 38400K, used 5094K [0x00000000d5f00000, 0x00000000daa00000, 0x0000000100000000)
  eden space 33280K, 0% used [0x00000000d5f00000,0x00000000d5f00000,0x00000000d7f80000)
  from space 5120K, 99% used [0x00000000d7f80000,0x00000000d84798d8,0x00000000d8480000)
  to   space 5120K, 0% used [0x00000000da500000,0x00000000da500000,0x00000000daa00000)
 ParOldGen       total 87552K, used 544K [0x0000000081c00000, 0x0000000087180000, 0x00000000d5f00000)
  object space 87552K, 0% used [0x0000000081c00000,0x0000000081c88008,0x0000000087180000)
 Metaspace       used 13493K, capacity 14522K, committed 14848K, reserved 1062912K
  class space    used 1716K, capacity 1953K, committed 2048K, reserved 1048576K
}
Event: 2.111 GC heap before
{Heap before GC invocations=4 (full 0):
 PSYoungGen      total 38400K, used 38374K [0x00000000d5f00000, 0x00000000daa00000, 0x0000000100000000)
  eden space 33280K, 100% used [0x00000000d5f00000,0x00000000d7f80000,0x00000000d7f80000)
  from space 5120K, 99% used [0x00000000d7f80000,0x00000000d84798d8,0x00000000d8480000)
  to   space 5120K, 0% used [0x00000000da500000,0x00000000da500000,0x00000000daa00000)
 ParOldGen       total 87552K, used 544K [0x0000000081c00000, 0x0000000087180000, 0x00000000d5f00000)
  object space 87552K, 0% used [0x0000000081c00000,0x0000000081c88008,0x0000000087180000)
 Metaspace       used 17471K, capacity 18588K, committed 18688K, reserved 1064960K
  class space    used 2274K, capacity 2494K, committed 2560K, reserved 1048576K
Event: 2.116 GC heap after
Heap after GC invocations=4 (full 0):
 PSYoungGen      total 71680K, used 5091K [0x00000000d5f00000, 0x00000000daa00000, 0x0000000100000000)
  eden space 66560K, 0% used [0x00000000d5f00000,0x00000000d5f00000,0x00000000da000000)
  from space 5120K, 99% used [0x00000000da500000,0x00000000da9f8f10,0x00000000daa00000)
  to   space 5120K, 0% used [0x00000000da000000,0x00000000da000000,0x00000000da500000)
 ParOldGen       total 87552K, used 1881K [0x0000000081c00000, 0x0000000087180000, 0x00000000d5f00000)
  object space 87552K, 2% used [0x0000000081c00000,0x0000000081dd6508,0x0000000087180000)
 Metaspace       used 17471K, capacity 18588K, committed 18688K, reserved 1064960K
  class space    used 2274K, capacity 2494K, committed 2560K, reserved 1048576K
}
Event: 2.318 GC heap before
{Heap before GC invocations=5 (full 0):
 PSYoungGen      total 71680K, used 31643K [0x00000000d5f00000, 0x00000000daa00000, 0x0000000100000000)
  eden space 66560K, 39% used [0x00000000d5f00000,0x00000000d78edf18,0x00000000da000000)
  from space 5120K, 99% used [0x00000000da500000,0x00000000da9f8f10,0x00000000daa00000)
  to   space 5120K, 0% used [0x00000000da000000,0x00000000da000000,0x00000000da500000)
 ParOldGen       total 87552K, used 1881K [0x0000000081c00000, 0x0000000087180000, 0x00000000d5f00000)
  object space 87552K, 2% used [0x0000000081c00000,0x0000000081dd6508,0x0000000087180000)
 Metaspace       used 20002K, capacity 21190K, committed 21296K, reserved 1067008K
  class space    used 2600K, capacity 2865K, committed 2944K, reserved 1048576K
Event: 2.325 GC heap after
Heap after GC invocations=5 (full 0):
 PSYoungGen      total 71680K, used 5093K [0x00000000d5f00000, 0x00000000df100000, 0x0000000100000000)
  eden space 66560K, 0% used [0x00000000d5f00000,0x00000000d5f00000,0x00000000da000000)
  from space 5120K, 99% used [0x00000000da000000,0x00000000da4f9578,0x00000000da500000)
  to   space 8192K, 0% used [0x00000000de900000,0x00000000de900000,0x00000000df100000)
 ParOldGen       total 87552K, used 4014K [0x0000000081c00000, 0x0000000087180000, 0x00000000d5f00000)
  object space 87552K, 4% used [0x0000000081c00000,0x0000000081feb9a8,0x0000000087180000)
 Metaspace       used 20002K, capacity 21190K, committed 21296K, reserved 1067008K
  class space    used 2600K, capacity 2865K, committed 2944K, reserved 1048576K
}
Event: 2.325 GC heap before
{Heap before GC invocations=6 (full 1):
 PSYoungGen      total 71680K, used 5093K [0x00000000d5f00000, 0x00000000df100000, 0x0000000100000000)
  eden space 66560K, 0% used [0x00000000d5f00000,0x00000000d5f00000,0x00000000da000000)
  from space 5120K, 99% used [0x00000000da000000,0x00000000da4f9578,0x00000000da500000)
  to   space 8192K, 0% used [0x00000000de900000,0x00000000de900000,0x00000000df100000)
 ParOldGen       total 87552K, used 4014K [0x0000000081c00000, 0x0000000087180000, 0x00000000d5f00000)
  object space 87552K, 4% used [0x0000000081c00000,0x0000000081feb9a8,0x0000000087180000)
 Metaspace       used 20002K, capacity 21190K, committed 21296K, reserved 1067008K
  class space    used 2600K, capacity 2865K, committed 2944K, reserved 1048576K
Event: 2.359 GC heap after
Heap after GC invocations=6 (full 1):
 PSYoungGen      total 71680K, used 0K [0x00000000d5f00000, 0x00000000df100000, 0x0000000100000000)
  eden space 66560K, 0% used [0x00000000d5f00000,0x00000000d5f00000,0x00000000da000000)
  from space 5120K, 0% used [0x00000000da000000,0x00000000da000000,0x00000000da500000)
  to   space 8192K, 0% used [0x00000000de900000,0x00000000de900000,0x00000000df100000)
 ParOldGen       total 58368K, used 7146K [0x0000000081c00000, 0x0000000085500000, 0x00000000d5f00000)
  object space 58368K, 12% used [0x0000000081c00000,0x00000000822fa940,0x0000000085500000)
 Metaspace       used 20002K, capacity 21190K, committed 21296K, reserved 1067008K
  class space    used 2600K, capacity 2865K, committed 2944K, reserved 1048576K
}
Event: 2.986 GC heap before
{Heap before GC invocations=7 (full 1):
 PSYoungGen      total 71680K, used 66560K [0x00000000d5f00000, 0x00000000df100000, 0x0000000100000000)
  eden space 66560K, 100% used [0x00000000d5f00000,0x00000000da000000,0x00000000da000000)
  from space 5120K, 0% used [0x00000000da000000,0x00000000da000000,0x00000000da500000)
  to   space 8192K, 0% used [0x00000000de900000,0x00000000de900000,0x00000000df100000)
 ParOldGen       total 58368K, used 7146K [0x0000000081c00000, 0x0000000085500000, 0x00000000d5f00000)
  object space 58368K, 12% used [0x0000000081c00000,0x00000000822fa940,0x0000000085500000)
 Metaspace       used 25106K, capacity 26518K, committed 26624K, reserved 1073152K
  class space    used 3254K, capacity 3553K, committed 3584K, reserved 1048576K
Event: 2.996 GC heap after
Heap after GC invocations=7 (full 1):
 PSYoungGen      total 110592K, used 7556K [0x00000000d5f00000, 0x00000000df080000, 0x0000000100000000)
  eden space 102912K, 0% used [0x00000000d5f00000,0x00000000d5f00000,0x00000000dc380000)
  from space 7680K, 98% used [0x00000000de900000,0x00000000df0612b8,0x00000000df080000)
  to   space 9216K, 0% used [0x00000000dde80000,0x00000000dde80000,0x00000000de780000)
 ParOldGen       total 58368K, used 7154K [0x0000000081c00000, 0x0000000085500000, 0x00000000d5f00000)
  object space 58368K, 12% used [0x0000000081c00000,0x00000000822fc940,0x0000000085500000)
 Metaspace       used 25106K, capacity 26518K, committed 26624K, reserved 1073152K
  class space    used 3254K, capacity 3553K, committed 3584K, reserved 1048576K
}

