# JRE version: Java(TM) SE Runtime Environment (8.0_231-b11) (build 1.8.0_231-b11)
# Java VM: Java HotSpot(TM) 64-Bit Server VM (25.231-b11 mixed mode windows-amd64 compressed oops)
Heap:
 PSYoungGen      total 67584K, used 32900K [0x00000000d5f00000, 0x00000000dd700000, 0x0000000100000000)
  eden space 62464K, 44% used [0x00000000d5f00000,0x00000000d7a22060,0x00000000d9c00000)
  from space 5120K, 99% used [0x00000000da500000,0x00000000da9ff368,0x00000000daa00000)
  to   space 9216K, 0% used [0x00000000d9c00000,0x00000000d9c00000,0x00000000da500000)
 ParOldGen       total 56832K, used 9618K [0x0000000081c00000, 0x0000000085380000, 0x00000000d5f00000)
  object space 56832K, 16% used [0x0000000081c00000,0x0000000082564880,0x0000000085380000)
 Metaspace       used 25869K, capacity 27290K, committed 27520K, reserved 1073152K
  class space    used 3358K, capacity 3645K, committed 3712K, reserved 1048576K
GC Heap History (10 events):
Event: 1.813 GC heap before
{Heap before GC invocations=3 (full 0):
 PSYoungGen      total 38400K, used 38267K [0x00000000d5f00000, 0x00000000d8980000, 0x0000000100000000)
  eden space 33280K, 100% used [0x00000000d5f00000,0x00000000d7f80000,0x00000000d7f80000)
  from space 5120K, 97% used [0x00000000d8480000,0x00000000d895eec8,0x00000000d8980000)
  to   space 5120K, 0% used [0x00000000d7f80000,0x00000000d7f80000,0x00000000d8480000)
 ParOldGen       total 87552K, used 24K [0x0000000081c00000, 0x0000000087180000, 0x00000000d5f00000)
  object space 87552K, 0% used [0x0000000081c00000,0x0000000081c06000,0x0000000087180000)
 Metaspace       used 13485K, capacity 14530K, committed 14848K, reserved 1062912K
  class space    used 1716K, capacity 1953K, committed 2048K, reserved 1048576K
Event: 1.818 GC heap after
Heap after GC invocations=3 (full 0):
 PSYoungGen      total 38400K, used 5092K [0x00000000d5f00000, 0x00000000daa00000, 0x0000000100000000)
  eden space 33280K, 0% used [0x00000000d5f00000,0x00000000d5f00000,0x00000000d7f80000)
  from space 5120K, 99% used [0x00000000d7f80000,0x00000000d8479108,0x00000000d8480000)
  to   space 5120K, 0% used [0x00000000da500000,0x00000000da500000,0x00000000daa00000)
 ParOldGen       total 87552K, used 580K [0x0000000081c00000, 0x0000000087180000, 0x00000000d5f00000)
  object space 87552K, 0% used [0x0000000081c00000,0x0000000081c91360,0x0000000087180000)
 Metaspace       used 13485K, capacity 14530K, committed 14848K, reserved 1062912K
  class space    used 1716K, capacity 1953K, committed 2048K, reserved 1048576K
}
Event: 2.265 GC heap before
{Heap before GC invocations=4 (full 0):
 PSYoungGen      total 38400K, used 38372K [0x00000000d5f00000, 0x00000000daa00000, 0x0000000100000000)
  eden space 33280K, 100% used [0x00000000d5f00000,0x00000000d7f80000,0x00000000d7f80000)
  from space 5120K, 99% used [0x00000000d7f80000,0x00000000d8479108,0x00000000d8480000)
  to   space 5120K, 0% used [0x00000000da500000,0x00000000da500000,0x00000000daa00000)
 ParOldGen       total 87552K, used 580K [0x0000000081c00000, 0x0000000087180000, 0x00000000d5f00000)
  object space 87552K, 0% used [0x0000000081c00000,0x0000000081c91360,0x0000000087180000)
 Metaspace       used 17462K, capacity 18596K, committed 18688K, reserved 1064960K
  class space    used 2272K, capacity 2494K, committed 2560K, reserved 1048576K
Event: 2.271 GC heap after
Heap after GC invocations=4 (full 0):
 PSYoungGen      total 71680K, used 5098K [0x00000000d5f00000, 0x00000000daa00000, 0x0000000100000000)
  eden space 66560K, 0% used [0x00000000d5f00000,0x00000000d5f00000,0x00000000da000000)
  from space 5120K, 99% used [0x00000000da500000,0x00000000da9fab50,0x00000000daa00000)
  to   space 5120K, 0% used [0x00000000da000000,0x00000000da000000,0x00000000da500000)
 ParOldGen       total 87552K, used 1871K [0x0000000081c00000, 0x0000000087180000, 0x00000000d5f00000)
  object space 87552K, 2% used [0x0000000081c00000,0x0000000081dd3e28,0x0000000087180000)
 Metaspace       used 17462K, capacity 18596K, committed 18688K, reserved 1064960K
  class space    used 2272K, capacity 2494K, committed 2560K, reserved 1048576K
}
Event: 2.463 GC heap before
{Heap before GC invocations=5 (full 0):
 PSYoungGen      total 71680K, used 30607K [0x00000000d5f00000, 0x00000000daa00000, 0x0000000100000000)
  eden space 66560K, 38% used [0x00000000d5f00000,0x00000000d77e91a8,0x00000000da000000)
  from space 5120K, 99% used [0x00000000da500000,0x00000000da9fab50,0x00000000daa00000)
  to   space 5120K, 0% used [0x00000000da000000,0x00000000da000000,0x00000000da500000)
 ParOldGen       total 87552K, used 1871K [0x0000000081c00000, 0x0000000087180000, 0x00000000d5f00000)
  object space 87552K, 2% used [0x0000000081c00000,0x0000000081dd3e28,0x0000000087180000)
 Metaspace       used 19997K, capacity 21202K, committed 21296K, reserved 1067008K
  class space    used 2599K, capacity 2865K, committed 2944K, reserved 1048576K
Event: 2.470 GC heap after
Heap after GC invocations=5 (full 0):
 PSYoungGen      total 71680K, used 5112K [0x00000000d5f00000, 0x00000000daa00000, 0x0000000100000000)
  eden space 66560K, 0% used [0x00000000d5f00000,0x00000000d5f00000,0x00000000da000000)
  from space 5120K, 99% used [0x00000000da000000,0x00000000da4fe030,0x00000000da500000)
  to   space 5120K, 0% used [0x00000000da500000,0x00000000da500000,0x00000000daa00000)
 ParOldGen       total 87552K, used 3973K [0x0000000081c00000, 0x0000000087180000, 0x00000000d5f00000)
  object space 87552K, 4% used [0x0000000081c00000,0x0000000081fe1420,0x0000000087180000)
 Metaspace       used 19997K, capacity 21202K, committed 21296K, reserved 1067008K
  class space    used 2599K, capacity 2865K, committed 2944K, reserved 1048576K
}
Event: 2.470 GC heap before
{Heap before GC invocations=6 (full 1):
 PSYoungGen      total 71680K, used 5112K [0x00000000d5f00000, 0x00000000daa00000, 0x0000000100000000)
  eden space 66560K, 0% used [0x00000000d5f00000,0x00000000d5f00000,0x00000000da000000)
  from space 5120K, 99% used [0x00000000da000000,0x00000000da4fe030,0x00000000da500000)
  to   space 5120K, 0% used [0x00000000da500000,0x00000000da500000,0x00000000daa00000)
 ParOldGen       total 87552K, used 3973K [0x0000000081c00000, 0x0000000087180000, 0x00000000d5f00000)
  object space 87552K, 4% used [0x0000000081c00000,0x0000000081fe1420,0x0000000087180000)
 Metaspace       used 19997K, capacity 21202K, committed 21296K, reserved 1067008K
  class space    used 2599K, capacity 2865K, committed 2944K, reserved 1048576K
Event: 2.498 GC heap after
Heap after GC invocations=6 (full 1):
 PSYoungGen      total 71680K, used 0K [0x00000000d5f00000, 0x00000000daa00000, 0x0000000100000000)
  eden space 66560K, 0% used [0x00000000d5f00000,0x00000000d5f00000,0x00000000da000000)
  from space 5120K, 0% used [0x00000000da000000,0x00000000da000000,0x00000000da500000)
  to   space 5120K, 0% used [0x00000000da500000,0x00000000da500000,0x00000000daa00000)
 ParOldGen       total 56832K, used 7163K [0x0000000081c00000, 0x0000000085380000, 0x00000000d5f00000)
  object space 56832K, 12% used [0x0000000081c00000,0x00000000822fed70,0x0000000085380000)
 Metaspace       used 19997K, capacity 21202K, committed 21296K, reserved 1067008K
  class space    used 2599K, capacity 2865K, committed 2944K, reserved 1048576K
}
Event: 3.215 GC heap before
{Heap before GC invocations=7 (full 1):
 PSYoungGen      total 71680K, used 66560K [0x00000000d5f00000, 0x00000000daa00000, 0x0000000100000000)
  eden space 66560K, 100% used [0x00000000d5f00000,0x00000000da000000,0x00000000da000000)
  from space 5120K, 0% used [0x00000000da000000,0x00000000da000000,0x00000000da500000)
  to   space 5120K, 0% used [0x00000000da500000,0x00000000da500000,0x00000000daa00000)
 ParOldGen       total 56832K, used 7163K [0x0000000081c00000, 0x0000000085380000, 0x00000000d5f00000)
  object space 56832K, 12% used [0x0000000081c00000,0x00000000822fed70,0x0000000085380000)
 Metaspace       used 25101K, capacity 26466K, committed 26624K, reserved 1073152K
  class space    used 3254K, capacity 3553K, committed 3584K, reserved 1048576K
Event: 3.222 GC heap after
Heap after GC invocations=7 (full 1):
 PSYoungGen      total 67584K, used 5116K [0x00000000d5f00000, 0x00000000dd700000, 0x0000000100000000)
  eden space 62464K, 0% used [0x00000000d5f00000,0x00000000d5f00000,0x00000000d9c00000)
  from space 5120K, 99% used [0x00000000da500000,0x00000000da9ff368,0x00000000daa00000)
  to   space 9216K, 0% used [0x00000000d9c00000,0x00000000d9c00000,0x00000000da500000)
 ParOldGen       total 56832K, used 9618K [0x0000000081c00000, 0x0000000085380000, 0x00000000d5f00000)
  object space 56832K, 16% used [0x0000000081c00000,0x0000000082564880,0x0000000085380000)
 Metaspace       used 25101K, capacity 26466K, committed 26624K, reserved 1073152K
  class space    used 3254K, capacity 3553K, committed 3584K, reserved 1048576K
}

