# JRE version: Java(TM) SE Runtime Environment (8.0_231-b11) (build 1.8.0_231-b11)
# Java VM: Java HotSpot(TM) 64-Bit Server VM (25.231-b11 mixed mode windows-amd64 compressed oops)
Heap:
 PSYoungGen      total 71680K, used 25954K [0x00000000d5f00000, 0x00000000db780000, 0x0000000100000000)
  eden space 63488K, 28% used [0x00000000d5f00000,0x00000000d70f03a8,0x00000000d9d00000)
  from space 8192K, 92% used [0x00000000daf80000,0x00000000db6e87e0,0x00000000db780000)
  to   space 8192K, 0% used [0x00000000d9d00000,0x00000000d9d00000,0x00000000da500000)
 ParOldGen       total 60928K, used 7132K [0x0000000081c00000, 0x0000000085780000, 0x00000000d5f00000)
  object space 60928K, 11% used [0x0000000081c00000,0x00000000822f71c8,0x0000000085780000)
 Metaspace       used 29303K, capacity 30946K, committed 31104K, reserved 1077248K
  class space    used 3829K, capacity 4153K, committed 4224K, reserved 1048576K
GC Heap History (10 events):
Event: 2.721 GC heap before
{Heap before GC invocations=5 (full 0):
 PSYoungGen      total 38400K, used 29573K [0x00000000d5f00000, 0x00000000daa00000, 0x0000000100000000)
  eden space 33280K, 73% used [0x00000000d5f00000,0x00000000d76e29b0,0x00000000d7f80000)
  from space 5120K, 99% used [0x00000000d8480000,0x00000000d897eb40,0x00000000d8980000)
  to   space 5120K, 0% used [0x00000000d7f80000,0x00000000d7f80000,0x00000000d8480000)
 ParOldGen       total 87552K, used 2069K [0x0000000081c00000, 0x0000000087180000, 0x00000000d5f00000)
  object space 87552K, 2% used [0x0000000081c00000,0x0000000081e05648,0x0000000087180000)
 Metaspace       used 19933K, capacity 21186K, committed 21296K, reserved 1067008K
  class space    used 2595K, capacity 2865K, committed 2944K, reserved 1048576K
Event: 2.729 GC heap after
Heap after GC invocations=5 (full 0):
 PSYoungGen      total 38400K, used 5116K [0x00000000d5f00000, 0x00000000db100000, 0x0000000100000000)
  eden space 33280K, 0% used [0x00000000d5f00000,0x00000000d5f00000,0x00000000d7f80000)
  from space 5120K, 99% used [0x00000000d7f80000,0x00000000d847f1e8,0x00000000d8480000)
  to   space 8704K, 0% used [0x00000000da880000,0x00000000da880000,0x00000000db100000)
 ParOldGen       total 87552K, used 4136K [0x0000000081c00000, 0x0000000087180000, 0x00000000d5f00000)
  object space 87552K, 4% used [0x0000000081c00000,0x000000008200a330,0x0000000087180000)
 Metaspace       used 19933K, capacity 21186K, committed 21296K, reserved 1067008K
  class space    used 2595K, capacity 2865K, committed 2944K, reserved 1048576K
}
Event: 2.729 GC heap before
{Heap before GC invocations=6 (full 1):
 PSYoungGen      total 38400K, used 5116K [0x00000000d5f00000, 0x00000000db100000, 0x0000000100000000)
  eden space 33280K, 0% used [0x00000000d5f00000,0x00000000d5f00000,0x00000000d7f80000)
  from space 5120K, 99% used [0x00000000d7f80000,0x00000000d847f1e8,0x00000000d8480000)
  to   space 8704K, 0% used [0x00000000da880000,0x00000000da880000,0x00000000db100000)
 ParOldGen       total 87552K, used 4136K [0x0000000081c00000, 0x0000000087180000, 0x00000000d5f00000)
  object space 87552K, 4% used [0x0000000081c00000,0x000000008200a330,0x0000000087180000)
 Metaspace       used 19933K, capacity 21186K, committed 21296K, reserved 1067008K
  class space    used 2595K, capacity 2865K, committed 2944K, reserved 1048576K
Event: 2.772 GC heap after
Heap after GC invocations=6 (full 1):
 PSYoungGen      total 38400K, used 0K [0x00000000d5f00000, 0x00000000db100000, 0x0000000100000000)
  eden space 33280K, 0% used [0x00000000d5f00000,0x00000000d5f00000,0x00000000d7f80000)
  from space 5120K, 0% used [0x00000000d7f80000,0x00000000d7f80000,0x00000000d8480000)
  to   space 8704K, 0% used [0x00000000da880000,0x00000000da880000,0x00000000db100000)
 ParOldGen       total 60928K, used 7116K [0x0000000081c00000, 0x0000000085780000, 0x00000000d5f00000)
  object space 60928K, 11% used [0x0000000081c00000,0x00000000822f31c8,0x0000000085780000)
 Metaspace       used 19933K, capacity 21186K, committed 21296K, reserved 1067008K
  class space    used 2595K, capacity 2865K, committed 2944K, reserved 1048576K
}
Event: 3.024 GC heap before
{Heap before GC invocations=7 (full 1):
 PSYoungGen      total 38400K, used 33280K [0x00000000d5f00000, 0x00000000db100000, 0x0000000100000000)
  eden space 33280K, 100% used [0x00000000d5f00000,0x00000000d7f80000,0x00000000d7f80000)
  from space 5120K, 0% used [0x00000000d7f80000,0x00000000d7f80000,0x00000000d8480000)
  to   space 8704K, 0% used [0x00000000da880000,0x00000000da880000,0x00000000db100000)
 ParOldGen       total 60928K, used 7116K [0x0000000081c00000, 0x0000000085780000, 0x00000000d5f00000)
  object space 60928K, 11% used [0x0000000081c00000,0x00000000822f31c8,0x0000000085780000)
 Metaspace       used 23662K, capacity 24988K, committed 25216K, reserved 1071104K
  class space    used 3088K, capacity 3350K, committed 3456K, reserved 1048576K
Event: 3.030 GC heap after
Heap after GC invocations=7 (full 1):
 PSYoungGen      total 54784K, used 4467K [0x00000000d5f00000, 0x00000000dad00000, 0x0000000100000000)
  eden space 50176K, 0% used [0x00000000d5f00000,0x00000000d5f00000,0x00000000d9000000)
  from space 4608K, 96% used [0x00000000da880000,0x00000000dacdcdd0,0x00000000dad00000)
  to   space 8192K, 0% used [0x00000000d9d00000,0x00000000d9d00000,0x00000000da500000)
 ParOldGen       total 60928K, used 7116K [0x0000000081c00000, 0x0000000085780000, 0x00000000d5f00000)
  object space 60928K, 11% used [0x0000000081c00000,0x00000000822f31c8,0x0000000085780000)
 Metaspace       used 23662K, capacity 24988K, committed 25216K, reserved 1071104K
  class space    used 3088K, capacity 3350K, committed 3456K, reserved 1048576K
}
Event: 3.729 GC heap before
{Heap before GC invocations=8 (full 1):
 PSYoungGen      total 54784K, used 54643K [0x00000000d5f00000, 0x00000000dad00000, 0x0000000100000000)
  eden space 50176K, 100% used [0x00000000d5f00000,0x00000000d9000000,0x00000000d9000000)
  from space 4608K, 96% used [0x00000000da880000,0x00000000dacdcdd0,0x00000000dad00000)
  to   space 8192K, 0% used [0x00000000d9d00000,0x00000000d9d00000,0x00000000da500000)
 ParOldGen       total 60928K, used 7116K [0x0000000081c00000, 0x0000000085780000, 0x00000000d5f00000)
  object space 60928K, 11% used [0x0000000081c00000,0x00000000822f31c8,0x0000000085780000)
 Metaspace       used 25467K, capacity 26920K, committed 27264K, reserved 1073152K
  class space    used 3297K, capacity 3594K, committed 3712K, reserved 1048576K
Event: 3.737 GC heap after
Heap after GC invocations=8 (full 1):
 PSYoungGen      total 71680K, used 5918K [0x00000000d5f00000, 0x00000000db780000, 0x0000000100000000)
  eden space 63488K, 0% used [0x00000000d5f00000,0x00000000d5f00000,0x00000000d9d00000)
  from space 8192K, 72% used [0x00000000d9d00000,0x00000000da2c7b60,0x00000000da500000)
  to   space 8192K, 0% used [0x00000000daf80000,0x00000000daf80000,0x00000000db780000)
 ParOldGen       total 60928K, used 7124K [0x0000000081c00000, 0x0000000085780000, 0x00000000d5f00000)
  object space 60928K, 11% used [0x0000000081c00000,0x00000000822f51c8,0x0000000085780000)
 Metaspace       used 25467K, capacity 26920K, committed 27264K, reserved 1073152K
  class space    used 3297K, capacity 3594K, committed 3712K, reserved 1048576K
}
Event: 4.664 GC heap before
{Heap before GC invocations=9 (full 1):
 PSYoungGen      total 71680K, used 69406K [0x00000000d5f00000, 0x00000000db780000, 0x0000000100000000)
  eden space 63488K, 100% used [0x00000000d5f00000,0x00000000d9d00000,0x00000000d9d00000)
  from space 8192K, 72% used [0x00000000d9d00000,0x00000000da2c7b60,0x00000000da500000)
  to   space 8192K, 0% used [0x00000000daf80000,0x00000000daf80000,0x00000000db780000)
 ParOldGen       total 60928K, used 7124K [0x0000000081c00000, 0x0000000085780000, 0x00000000d5f00000)
  object space 60928K, 11% used [0x0000000081c00000,0x00000000822f51c8,0x0000000085780000)
 Metaspace       used 28180K, capacity 29782K, committed 29952K, reserved 1075200K
  class space    used 3678K, capacity 4005K, committed 4096K, reserved 1048576K
Event: 4.671 GC heap after
Heap after GC invocations=9 (full 1):
 PSYoungGen      total 71680K, used 7585K [0x00000000d5f00000, 0x00000000db780000, 0x0000000100000000)
  eden space 63488K, 0% used [0x00000000d5f00000,0x00000000d5f00000,0x00000000d9d00000)
  from space 8192K, 92% used [0x00000000daf80000,0x00000000db6e87e0,0x00000000db780000)
  to   space 8192K, 0% used [0x00000000d9d00000,0x00000000d9d00000,0x00000000da500000)
 ParOldGen       total 60928K, used 7132K [0x0000000081c00000, 0x0000000085780000, 0x00000000d5f00000)
  object space 60928K, 11% used [0x0000000081c00000,0x00000000822f71c8,0x0000000085780000)
 Metaspace       used 28180K, capacity 29782K, committed 29952K, reserved 1075200K
  class space    used 3678K, capacity 4005K, committed 4096K, reserved 1048576K
}

